<?xml version="1.0" encoding="utf-8" standalone="no"?>
<test-results xmlns:xsi="http://www.w3.org/2001/XMLSchema-instance" xsi:noNamespaceSchemaLocation="nunit_schema_2.5.xsd" name="Pester" total="283" errors="0" failures="0" not-run="0" inconclusive="0" ignored="0" skipped="0" invalid="0" date="2018-03-09" time="15:37:48">
  <environment cwd="C:\Users\si557856\source\github\CosmosDB" os-version="10.0.14393" clr-version="Unknown" machine-name="GR059600" user-domain="LDSTAT01" nunit-version="2.5.8.0" platform="Microsoft Windows 10 Enterprise|C:\Windows|\Device\Harddisk0\Partition2" user="si557856" />
  <culture-info current-culture="en-NZ" current-uiculture="en-US" />
  <test-suite type="TestFixture" name="Pester" executed="True" result="Success" success="True" time="17.8308" asserts="0" description="Pester">
    <results>
      <test-suite type="TestFixture" name="C:\Users\si557856\source\github\CosmosDB\test\CosmosDB.attachments.Tests.ps1" executed="True" result="Success" success="True" time="3.7241" asserts="0" description="C:\Users\si557856\source\github\CosmosDB\test\CosmosDB.attachments.Tests.ps1">
        <results>
          <test-suite type="TestFixture" name="Get-CosmosDbAttachmentResourcePath" executed="True" result="Success" success="True" time="2.8199" asserts="0" description="Get-CosmosDbAttachmentResourcePath">
            <results>
              <test-suite type="TestFixture" name="When called with all parameters" executed="True" result="Success" success="True" time="0.0744" asserts="0" description="When called with all parameters">
                <results>
                  <test-case description="Should not throw exception" name="Get-CosmosDbAttachmentResourcePath.When called with all parameters.Should not throw exception" time="0.0553" asserts="0" success="True" result="Success" executed="True" />
                  <test-case description="Should return expected result" name="Get-CosmosDbAttachmentResourcePath.When called with all parameters.Should return expected result" time="0.0191" asserts="0" success="True" result="Success" executed="True" />
                </results>
              </test-suite>
              <test-case description="Should exist" name="Get-CosmosDbAttachmentResourcePath.Should exist" time="2.7455" asserts="0" success="True" result="Success" executed="True" />
            </results>
          </test-suite>
          <test-suite type="TestFixture" name="Get-CosmosDbAttachment" executed="True" result="Success" success="True" time="0.3605" asserts="0" description="Get-CosmosDbAttachment">
            <results>
              <test-suite type="TestFixture" name="When called with context parameter and no id" executed="True" result="Success" success="True" time="0.1402" asserts="0" description="When called with context parameter and no id">
                <results>
                  <test-case description="Should not throw exception" name="Get-CosmosDbAttachment.When called with context parameter and no id.Should not throw exception" time="0.0925" asserts="0" success="True" result="Success" executed="True" />
                  <test-case description="Should return expected result" name="Get-CosmosDbAttachment.When called with context parameter and no id.Should return expected result" time="0.0224" asserts="0" success="True" result="Success" executed="True" />
                  <test-case description="Should call expected mocks" name="Get-CosmosDbAttachment.When called with context parameter and no id.Should call expected mocks" time="0.0253" asserts="0" success="True" result="Success" executed="True" />
                </results>
              </test-suite>
              <test-suite type="TestFixture" name="When called with context parameter and an id" executed="True" result="Success" success="True" time="0.1464" asserts="0" description="When called with context parameter and an id">
                <results>
                  <test-case description="Should not throw exception" name="Get-CosmosDbAttachment.When called with context parameter and an id.Should not throw exception" time="0.0982" asserts="0" success="True" result="Success" executed="True" />
                  <test-case description="Should return expected result" name="Get-CosmosDbAttachment.When called with context parameter and an id.Should return expected result" time="0.0227" asserts="0" success="True" result="Success" executed="True" />
                  <test-case description="Should call expected mocks" name="Get-CosmosDbAttachment.When called with context parameter and an id.Should call expected mocks" time="0.0255" asserts="0" success="True" result="Success" executed="True" />
                </results>
              </test-suite>
              <test-case description="Should exist" name="Get-CosmosDbAttachment.Should exist" time="0.0739" asserts="0" success="True" result="Success" executed="True" />
            </results>
          </test-suite>
          <test-suite type="TestFixture" name="New-CosmosDbAttachment" executed="True" result="Success" success="True" time="0.195" asserts="0" description="New-CosmosDbAttachment">
            <results>
              <test-suite type="TestFixture" name="When called with context parameter and an id" executed="True" result="Success" success="True" time="0.1208" asserts="0" description="When called with context parameter and an id">
                <results>
                  <test-case description="Should not throw exception" name="New-CosmosDbAttachment.When called with context parameter and an id.Should not throw exception" time="0.0793" asserts="0" success="True" result="Success" executed="True" />
                  <test-case description="Should return expected result" name="New-CosmosDbAttachment.When called with context parameter and an id.Should return expected result" time="0.0178" asserts="0" success="True" result="Success" executed="True" />
                  <test-case description="Should call expected mocks" name="New-CosmosDbAttachment.When called with context parameter and an id.Should call expected mocks" time="0.0238" asserts="0" success="True" result="Success" executed="True" />
                </results>
              </test-suite>
              <test-case description="Should exist" name="New-CosmosDbAttachment.Should exist" time="0.0741" asserts="0" success="True" result="Success" executed="True" />
            </results>
          </test-suite>
          <test-suite type="TestFixture" name="Remove-CosmosDbAttachment" executed="True" result="Success" success="True" time="0.1632" asserts="0" description="Remove-CosmosDbAttachment">
            <results>
              <test-suite type="TestFixture" name="When called with context parameter and an id" executed="True" result="Success" success="True" time="0.0896" asserts="0" description="When called with context parameter and an id">
                <results>
                  <test-case description="Should not throw exception" name="Remove-CosmosDbAttachment.When called with context parameter and an id.Should not throw exception" time="0.0683" asserts="0" success="True" result="Success" executed="True" />
                  <test-case description="Should call expected mocks" name="Remove-CosmosDbAttachment.When called with context parameter and an id.Should call expected mocks" time="0.0212" asserts="0" success="True" result="Success" executed="True" />
                </results>
              </test-suite>
              <test-case description="Should exist" name="Remove-CosmosDbAttachment.Should exist" time="0.0736" asserts="0" success="True" result="Success" executed="True" />
            </results>
          </test-suite>
          <test-suite type="TestFixture" name="Set-CosmosDbAttachment" executed="True" result="Success" success="True" time="0.1856" asserts="0" description="Set-CosmosDbAttachment">
            <results>
              <test-suite type="TestFixture" name="When called with context parameter and an Id" executed="True" result="Success" success="True" time="0.1137" asserts="0" description="When called with context parameter and an Id">
                <results>
                  <test-case description="Should not throw exception" name="Set-CosmosDbAttachment.When called with context parameter and an Id.Should not throw exception" time="0.0738" asserts="0" success="True" result="Success" executed="True" />
                  <test-case description="Should return expected result" name="Set-CosmosDbAttachment.When called with context parameter and an Id.Should return expected result" time="0.0164" asserts="0" success="True" result="Success" executed="True" />
                  <test-case description="Should call expected mocks" name="Set-CosmosDbAttachment.When called with context parameter and an Id.Should call expected mocks" time="0.0235" asserts="0" success="True" result="Success" executed="True" />
                </results>
              </test-suite>
              <test-case description="Should exist" name="Set-CosmosDbAttachment.Should exist" time="0.0719" asserts="0" success="True" result="Success" executed="True" />
            </results>
          </test-suite>
        </results>
      </test-suite>
      <test-suite type="TestFixture" name="C:\Users\si557856\source\github\CosmosDB\test\CosmosDB.collections.Tests.ps1" executed="True" result="Success" success="True" time="2.3572" asserts="0" description="C:\Users\si557856\source\github\CosmosDB\test\CosmosDB.collections.Tests.ps1">
        <results>
          <test-suite type="TestFixture" name="Get-CosmosDbCollectionResourcePath" executed="True" result="Success" success="True" time="0.3708" asserts="0" description="Get-CosmosDbCollectionResourcePath">
            <results>
              <test-suite type="TestFixture" name="When called with all parameters" executed="True" result="Success" success="True" time="0.0717" asserts="0" description="When called with all parameters">
                <results>
                  <test-case description="Should not throw exception" name="Get-CosmosDbCollectionResourcePath.When called with all parameters.Should not throw exception" time="0.0495" asserts="0" success="True" result="Success" executed="True" />
                  <test-case description="Should return expected result" name="Get-CosmosDbCollectionResourcePath.When called with all parameters.Should return expected result" time="0.0222" asserts="0" success="True" result="Success" executed="True" />
                </results>
              </test-suite>
              <test-case description="Should exist" name="Get-CosmosDbCollectionResourcePath.Should exist" time="0.2991" asserts="0" success="True" result="Success" executed="True" />
            </results>
          </test-suite>
          <test-suite type="TestFixture" name="New-CosmosDbCollectionIncludedPathIndex" executed="True" result="Success" success="True" time="0.1528" asserts="0" description="New-CosmosDbCollectionIncludedPathIndex">
            <results>
              <test-suite type="TestFixture" name="When called with all parameters" executed="True" result="Success" success="True" time="0.0808" asserts="0" description="When called with all parameters">
                <results>
                  <test-case description="Should not throw exception" name="New-CosmosDbCollectionIncludedPathIndex.When called with all parameters.Should not throw exception" time="0.0534" asserts="0" success="True" result="Success" executed="True" />
                  <test-case description="Should return expected result" name="New-CosmosDbCollectionIncludedPathIndex.When called with all parameters.Should return expected result" time="0.0274" asserts="0" success="True" result="Success" executed="True" />
                </results>
              </test-suite>
              <test-case description="Should exist" name="New-CosmosDbCollectionIncludedPathIndex.Should exist" time="0.072" asserts="0" success="True" result="Success" executed="True" />
            </results>
          </test-suite>
          <test-suite type="TestFixture" name="New-CosmosDbCollectionIncludedPath" executed="True" result="Success" success="True" time="0.1706" asserts="0" description="New-CosmosDbCollectionIncludedPath">
            <results>
              <test-suite type="TestFixture" name="When called with all parameters" executed="True" result="Success" success="True" time="0.0888" asserts="0" description="When called with all parameters">
                <results>
                  <test-case description="Should not throw exception" name="New-CosmosDbCollectionIncludedPath.When called with all parameters.Should not throw exception" time="0.0562" asserts="0" success="True" result="Success" executed="True" />
                  <test-case description="Should return expected result" name="New-CosmosDbCollectionIncludedPath.When called with all parameters.Should return expected result" time="0.0327" asserts="0" success="True" result="Success" executed="True" />
                </results>
              </test-suite>
              <test-case description="Should exist" name="New-CosmosDbCollectionIncludedPath.Should exist" time="0.0818" asserts="0" success="True" result="Success" executed="True" />
            </results>
          </test-suite>
          <test-suite type="TestFixture" name="New-CosmosDbCollectionExcludedPath" executed="True" result="Success" success="True" time="0.1506" asserts="0" description="New-CosmosDbCollectionExcludedPath">
            <results>
              <test-suite type="TestFixture" name="When called with all parameters" executed="True" result="Success" success="True" time="0.0726" asserts="0" description="When called with all parameters">
                <results>
                  <test-case description="Should not throw exception" name="New-CosmosDbCollectionExcludedPath.When called with all parameters.Should not throw exception" time="0.0518" asserts="0" success="True" result="Success" executed="True" />
                  <test-case description="Should return expected result" name="New-CosmosDbCollectionExcludedPath.When called with all parameters.Should return expected result" time="0.0207" asserts="0" success="True" result="Success" executed="True" />
                </results>
              </test-suite>
              <test-case description="Should exist" name="New-CosmosDbCollectionExcludedPath.Should exist" time="0.078" asserts="0" success="True" result="Success" executed="True" />
            </results>
          </test-suite>
          <test-suite type="TestFixture" name="New-CosmosDbCollectionIndexingPolicy" executed="True" result="Success" success="True" time="0.1502" asserts="0" description="New-CosmosDbCollectionIndexingPolicy">
            <results>
              <test-suite type="TestFixture" name="When called with all parameters" executed="True" result="Success" success="True" time="0.0787" asserts="0" description="When called with all parameters">
                <results>
                  <test-case description="Should not throw exception" name="New-CosmosDbCollectionIndexingPolicy.When called with all parameters.Should not throw exception" time="0.0486" asserts="0" success="True" result="Success" executed="True" />
                  <test-case description="Should return expected result" name="New-CosmosDbCollectionIndexingPolicy.When called with all parameters.Should return expected result" time="0.0302" asserts="0" success="True" result="Success" executed="True" />
                </results>
              </test-suite>
              <test-case description="Should exist" name="New-CosmosDbCollectionIndexingPolicy.Should exist" time="0.0715" asserts="0" success="True" result="Success" executed="True" />
            </results>
          </test-suite>
          <test-suite type="TestFixture" name="Get-CosmosDbCollection" executed="True" result="Success" success="True" time="0.3807" asserts="0" description="Get-CosmosDbCollection">
            <results>
              <test-suite type="TestFixture" name="When called with context parameter and no Id" executed="True" result="Success" success="True" time="0.1431" asserts="0" description="When called with context parameter and no Id">
                <results>
                  <test-case description="Should not throw exception" name="Get-CosmosDbCollection.When called with context parameter and no Id.Should not throw exception" time="0.0854" asserts="0" success="True" result="Success" executed="True" />
                  <test-case description="Should return expected result" name="Get-CosmosDbCollection.When called with context parameter and no Id.Should return expected result" time="0.0289" asserts="0" success="True" result="Success" executed="True" />
                  <test-case description="Should call expected mocks" name="Get-CosmosDbCollection.When called with context parameter and no Id.Should call expected mocks" time="0.0288" asserts="0" success="True" result="Success" executed="True" />
                </results>
              </test-suite>
              <test-suite type="TestFixture" name="When called with context parameter and an Id" executed="True" result="Success" success="True" time="0.148" asserts="0" description="When called with context parameter and an Id">
                <results>
                  <test-case description="Should not throw exception" name="Get-CosmosDbCollection.When called with context parameter and an Id.Should not throw exception" time="0.0964" asserts="0" success="True" result="Success" executed="True" />
                  <test-case description="Should return expected result" name="Get-CosmosDbCollection.When called with context parameter and an Id.Should return expected result" time="0.0228" asserts="0" success="True" result="Success" executed="True" />
                  <test-case description="Should call expected mocks" name="Get-CosmosDbCollection.When called with context parameter and an Id.Should call expected mocks" time="0.0287" asserts="0" success="True" result="Success" executed="True" />
                </results>
              </test-suite>
              <test-case description="Should exist" name="Get-CosmosDbCollection.Should exist" time="0.0896" asserts="0" success="True" result="Success" executed="True" />
            </results>
          </test-suite>
          <test-suite type="TestFixture" name="New-CosmosDbCollection" executed="True" result="Success" success="True" time="0.8065" asserts="0" description="New-CosmosDbCollection">
            <results>
              <test-suite type="TestFixture" name="When called with context parameter and an Id" executed="True" result="Success" success="True" time="0.1362" asserts="0" description="When called with context parameter and an Id">
                <results>
                  <test-case description="Should not throw exception" name="New-CosmosDbCollection.When called with context parameter and an Id.Should not throw exception" time="0.0883" asserts="0" success="True" result="Success" executed="True" />
                  <test-case description="Should return expected result" name="New-CosmosDbCollection.When called with context parameter and an Id.Should return expected result" time="0.0237" asserts="0" success="True" result="Success" executed="True" />
                  <test-case description="Should call expected mocks" name="New-CosmosDbCollection.When called with context parameter and an Id.Should call expected mocks" time="0.0242" asserts="0" success="True" result="Success" executed="True" />
                </results>
              </test-suite>
              <test-suite type="TestFixture" name="When called with context parameter and an Id and OfferThroughput parameter" executed="True" result="Success" success="True" time="0.1498" asserts="0" description="When called with context parameter and an Id and OfferThroughput parameter">
                <results>
                  <test-case description="Should not throw exception" name="New-CosmosDbCollection.When called with context parameter and an Id and OfferThroughput parameter.Should not throw exception" time="0.1001" asserts="0" success="True" result="Success" executed="True" />
                  <test-case description="Should return expected result" name="New-CosmosDbCollection.When called with context parameter and an Id and OfferThroughput parameter.Should return expected result" time="0.026" asserts="0" success="True" result="Success" executed="True" />
                  <test-case description="Should call expected mocks" name="New-CosmosDbCollection.When called with context parameter and an Id and OfferThroughput parameter.Should call expected mocks" time="0.0236" asserts="0" success="True" result="Success" executed="True" />
                </results>
              </test-suite>
              <test-suite type="TestFixture" name="When called with context parameter and an Id and OfferType parameter" executed="True" result="Success" success="True" time="0.1574" asserts="0" description="When called with context parameter and an Id and OfferType parameter">
                <results>
                  <test-case description="Should not throw exception" name="New-CosmosDbCollection.When called with context parameter and an Id and OfferType parameter.Should not throw exception" time="0.105" asserts="0" success="True" result="Success" executed="True" />
                  <test-case description="Should return expected result" name="New-CosmosDbCollection.When called with context parameter and an Id and OfferType parameter.Should return expected result" time="0.0237" asserts="0" success="True" result="Success" executed="True" />
                  <test-case description="Should call expected mocks" name="New-CosmosDbCollection.When called with context parameter and an Id and OfferType parameter.Should call expected mocks" time="0.0287" asserts="0" success="True" result="Success" executed="True" />
                </results>
              </test-suite>
              <test-suite type="TestFixture" name="When called with context parameter and an Id and PartitionKey parameter" executed="True" result="Success" success="True" time="0.1517" asserts="0" description="When called with context parameter and an Id and PartitionKey parameter">
                <results>
                  <test-case description="Should not throw exception" name="New-CosmosDbCollection.When called with context parameter and an Id and PartitionKey parameter.Should not throw exception" time="0.0985" asserts="0" success="True" result="Success" executed="True" />
                  <test-case description="Should return expected result" name="New-CosmosDbCollection.When called with context parameter and an Id and PartitionKey parameter.Should return expected result" time="0.026" asserts="0" success="True" result="Success" executed="True" />
                  <test-case description="Should call expected mocks" name="New-CosmosDbCollection.When called with context parameter and an Id and PartitionKey parameter.Should call expected mocks" time="0.0272" asserts="0" success="True" result="Success" executed="True" />
                </results>
              </test-suite>
              <test-suite type="TestFixture" name="When called with context parameter and an Id and OfferType and OfferThrougput" executed="True" result="Success" success="True" time="0.1241" asserts="0" description="When called with context parameter and an Id and OfferType and OfferThrougput">
                <results>
                  <test-case description="Should not throw exception" name="New-CosmosDbCollection.When called with context parameter and an Id and OfferType and OfferThrougput.Should not throw exception" time="0.1037" asserts="0" success="True" result="Success" executed="True" />
                  <test-case description="Should call expected mocks" name="New-CosmosDbCollection.When called with context parameter and an Id and OfferType and OfferThrougput.Should call expected mocks" time="0.0205" asserts="0" success="True" result="Success" executed="True" />
                </results>
              </test-suite>
              <test-case description="Should exist" name="New-CosmosDbCollection.Should exist" time="0.0873" asserts="0" success="True" result="Success" executed="True" />
            </results>
          </test-suite>
          <test-suite type="TestFixture" name="Remove-CosmosDbCollection" executed="True" result="Success" success="True" time="0.1749" asserts="0" description="Remove-CosmosDbCollection">
            <results>
              <test-suite type="TestFixture" name="When called with context parameter and an Id" executed="True" result="Success" success="True" time="0.0918" asserts="0" description="When called with context parameter and an Id">
                <results>
                  <test-case description="Should not throw exception" name="Remove-CosmosDbCollection.When called with context parameter and an Id.Should not throw exception" time="0.0719" asserts="0" success="True" result="Success" executed="True" />
                  <test-case description="Should call expected mocks" name="Remove-CosmosDbCollection.When called with context parameter and an Id.Should call expected mocks" time="0.0199" asserts="0" success="True" result="Success" executed="True" />
                </results>
              </test-suite>
              <test-case description="Should exist" name="Remove-CosmosDbCollection.Should exist" time="0.0831" asserts="0" success="True" result="Success" executed="True" />
            </results>
          </test-suite>
        </results>
      </test-suite>
      <test-suite type="TestFixture" name="C:\Users\si557856\source\github\CosmosDB\test\CosmosDB.databases.Tests.ps1" executed="True" result="Success" success="True" time="1.0312" asserts="0" description="C:\Users\si557856\source\github\CosmosDB\test\CosmosDB.databases.Tests.ps1">
        <results>
          <test-suite type="TestFixture" name="Get-CosmosDbDatabaseResourcePath" executed="True" result="Success" success="True" time="0.3861" asserts="0" description="Get-CosmosDbDatabaseResourcePath">
            <results>
              <test-suite type="TestFixture" name="When called with all parameters" executed="True" result="Success" success="True" time="0.0749" asserts="0" description="When called with all parameters">
                <results>
                  <test-case description="Should not throw exception" name="Get-CosmosDbDatabaseResourcePath.When called with all parameters.Should not throw exception" time="0.0548" asserts="0" success="True" result="Success" executed="True" />
                  <test-case description="Should return expected result" name="Get-CosmosDbDatabaseResourcePath.When called with all parameters.Should return expected result" time="0.0201" asserts="0" success="True" result="Success" executed="True" />
                </results>
              </test-suite>
              <test-case description="Should exist" name="Get-CosmosDbDatabaseResourcePath.Should exist" time="0.3112" asserts="0" success="True" result="Success" executed="True" />
            </results>
          </test-suite>
          <test-suite type="TestFixture" name="Get-CosmosDbDatabase" executed="True" result="Success" success="True" time="0.3117" asserts="0" description="Get-CosmosDbDatabase">
            <results>
              <test-suite type="TestFixture" name="When called with context parameter and no Id" executed="True" result="Success" success="True" time="0.1178" asserts="0" description="When called with context parameter and no Id">
                <results>
                  <test-case description="Should not throw exception" name="Get-CosmosDbDatabase.When called with context parameter and no Id.Should not throw exception" time="0.077" asserts="0" success="True" result="Success" executed="True" />
                  <test-case description="Should return expected result" name="Get-CosmosDbDatabase.When called with context parameter and no Id.Should return expected result" time="0.0199" asserts="0" success="True" result="Success" executed="True" />
                  <test-case description="Should call expected mocks" name="Get-CosmosDbDatabase.When called with context parameter and no Id.Should call expected mocks" time="0.021" asserts="0" success="True" result="Success" executed="True" />
                </results>
              </test-suite>
              <test-suite type="TestFixture" name="When called with context parameter and an Id" executed="True" result="Success" success="True" time="0.1236" asserts="0" description="When called with context parameter and an Id">
                <results>
                  <test-case description="Should not throw exception" name="Get-CosmosDbDatabase.When called with context parameter and an Id.Should not throw exception" time="0.0858" asserts="0" success="True" result="Success" executed="True" />
                  <test-case description="Should return expected result" name="Get-CosmosDbDatabase.When called with context parameter and an Id.Should return expected result" time="0.014" asserts="0" success="True" result="Success" executed="True" />
                  <test-case description="Should call expected mocks" name="Get-CosmosDbDatabase.When called with context parameter and an Id.Should call expected mocks" time="0.0238" asserts="0" success="True" result="Success" executed="True" />
                </results>
              </test-suite>
              <test-case description="Should exist" name="Get-CosmosDbDatabase.Should exist" time="0.0702" asserts="0" success="True" result="Success" executed="True" />
            </results>
          </test-suite>
          <test-suite type="TestFixture" name="New-CosmosDbDatabase" executed="True" result="Success" success="True" time="0.1756" asserts="0" description="New-CosmosDbDatabase">
            <results>
              <test-suite type="TestFixture" name="When called with context parameter and an Id" executed="True" result="Success" success="True" time="0.1061" asserts="0" description="When called with context parameter and an Id">
                <results>
                  <test-case description="Should not throw exception" name="New-CosmosDbDatabase.When called with context parameter and an Id.Should not throw exception" time="0.07" asserts="0" success="True" result="Success" executed="True" />
                  <test-case description="Should return expected result" name="New-CosmosDbDatabase.When called with context parameter and an Id.Should return expected result" time="0.0152" asserts="0" success="True" result="Success" executed="True" />
                  <test-case description="Should call expected mocks" name="New-CosmosDbDatabase.When called with context parameter and an Id.Should call expected mocks" time="0.0209" asserts="0" success="True" result="Success" executed="True" />
                </results>
              </test-suite>
              <test-case description="Should exist" name="New-CosmosDbDatabase.Should exist" time="0.0695" asserts="0" success="True" result="Success" executed="True" />
            </results>
          </test-suite>
          <test-suite type="TestFixture" name="Remove-CosmosDbDatabase" executed="True" result="Success" success="True" time="0.1578" asserts="0" description="Remove-CosmosDbDatabase">
            <results>
              <test-suite type="TestFixture" name="When called with context parameter and an Id" executed="True" result="Success" success="True" time="0.0868" asserts="0" description="When called with context parameter and an Id">
                <results>
                  <test-case description="Should not throw exception" name="Remove-CosmosDbDatabase.When called with context parameter and an Id.Should not throw exception" time="0.0685" asserts="0" success="True" result="Success" executed="True" />
                  <test-case description="Should call expected mocks" name="Remove-CosmosDbDatabase.When called with context parameter and an Id.Should call expected mocks" time="0.0182" asserts="0" success="True" result="Success" executed="True" />
                </results>
              </test-suite>
              <test-case description="Should exist" name="Remove-CosmosDbDatabase.Should exist" time="0.071" asserts="0" success="True" result="Success" executed="True" />
            </results>
          </test-suite>
        </results>
      </test-suite>
      <test-suite type="TestFixture" name="C:\Users\si557856\source\github\CosmosDB\test\CosmosDB.documents.Tests.ps1" executed="True" result="Success" success="True" time="1.755" asserts="0" description="C:\Users\si557856\source\github\CosmosDB\test\CosmosDB.documents.Tests.ps1">
        <results>
          <test-suite type="TestFixture" name="Get-CosmosDbDocumentResourcePath" executed="True" result="Success" success="True" time="0.3662" asserts="0" description="Get-CosmosDbDocumentResourcePath">
            <results>
              <test-suite type="TestFixture" name="When called with all parameters" executed="True" result="Success" success="True" time="0.0727" asserts="0" description="When called with all parameters">
                <results>
                  <test-case description="Should not throw exception" name="Get-CosmosDbDocumentResourcePath.When called with all parameters.Should not throw exception" time="0.0546" asserts="0" success="True" result="Success" executed="True" />
                  <test-case description="Should return expected result" name="Get-CosmosDbDocumentResourcePath.When called with all parameters.Should return expected result" time="0.018" asserts="0" success="True" result="Success" executed="True" />
                </results>
              </test-suite>
              <test-case description="Should exist" name="Get-CosmosDbDocumentResourcePath.Should exist" time="0.2935" asserts="0" success="True" result="Success" executed="True" />
            </results>
          </test-suite>
          <test-suite type="TestFixture" name="Get-CosmosDbDocument" executed="True" result="Success" success="True" time="0.5723" asserts="0" description="Get-CosmosDbDocument">
            <results>
              <test-suite type="TestFixture" name="When called with context parameter and no Id but with header parameters" executed="True" result="Success" success="True" time="0.1327" asserts="0" description="When called with context parameter and no Id but with header parameters">
                <results>
                  <test-case description="Should not throw exception" name="Get-CosmosDbDocument.When called with context parameter and no Id but with header parameters.Should not throw exception" time="0.0876" asserts="0" success="True" result="Success" executed="True" />
                  <test-case description="Should return expected result" name="Get-CosmosDbDocument.When called with context parameter and no Id but with header parameters.Should return expected result" time="0.022" asserts="0" success="True" result="Success" executed="True" />
                  <test-case description="Should call expected mocks" name="Get-CosmosDbDocument.When called with context parameter and no Id but with header parameters.Should call expected mocks" time="0.0231" asserts="0" success="True" result="Success" executed="True" />
                </results>
              </test-suite>
              <test-suite type="TestFixture" name="When called with context parameter and no Id with headers returned" executed="True" result="Success" success="True" time="0.1328" asserts="0" description="When called with context parameter and no Id with headers returned">
                <results>
                  <test-case description="Should not throw exception" name="Get-CosmosDbDocument.When called with context parameter and no Id with headers returned.Should not throw exception" time="0.0854" asserts="0" success="True" result="Success" executed="True" />
                  <test-case description="Should return expected result" name="Get-CosmosDbDocument.When called with context parameter and no Id with headers returned.Should return expected result" time="0.0281" asserts="0" success="True" result="Success" executed="True" />
                  <test-case description="Should call expected mocks" name="Get-CosmosDbDocument.When called with context parameter and no Id with headers returned.Should call expected mocks" time="0.0193" asserts="0" success="True" result="Success" executed="True" />
                </results>
              </test-suite>
              <test-suite type="TestFixture" name="When called with context parameter and an Id" executed="True" result="Success" success="True" time="0.1199" asserts="0" description="When called with context parameter and an Id">
                <results>
                  <test-case description="Should not throw exception" name="Get-CosmosDbDocument.When called with context parameter and an Id.Should not throw exception" time="0.0832" asserts="0" success="True" result="Success" executed="True" />
                  <test-case description="Should return expected result" name="Get-CosmosDbDocument.When called with context parameter and an Id.Should return expected result" time="0.016" asserts="0" success="True" result="Success" executed="True" />
                  <test-case description="Should call expected mocks" name="Get-CosmosDbDocument.When called with context parameter and an Id.Should call expected mocks" time="0.0207" asserts="0" success="True" result="Success" executed="True" />
                </results>
              </test-suite>
              <test-suite type="TestFixture" name="When called with context parameter and an Id and Partition Key" executed="True" result="Success" success="True" time="0.1167" asserts="0" description="When called with context parameter and an Id and Partition Key">
                <results>
                  <test-case description="Should not throw exception" name="Get-CosmosDbDocument.When called with context parameter and an Id and Partition Key.Should not throw exception" time="0.0797" asserts="0" success="True" result="Success" executed="True" />
                  <test-case description="Should return expected result" name="Get-CosmosDbDocument.When called with context parameter and an Id and Partition Key.Should return expected result" time="0.0159" asserts="0" success="True" result="Success" executed="True" />
                  <test-case description="Should call expected mocks" name="Get-CosmosDbDocument.When called with context parameter and an Id and Partition Key.Should call expected mocks" time="0.0211" asserts="0" success="True" result="Success" executed="True" />
                </results>
              </test-suite>
              <test-case description="Should exist" name="Get-CosmosDbDocument.Should exist" time="0.0702" asserts="0" success="True" result="Success" executed="True" />
            </results>
          </test-suite>
          <test-suite type="TestFixture" name="New-CosmosDbDocument" executed="True" result="Success" success="True" time="0.2909" asserts="0" description="New-CosmosDbDocument">
            <results>
              <test-suite type="TestFixture" name="When called with context parameter and an Id" executed="True" result="Success" success="True" time="0.101" asserts="0" description="When called with context parameter and an Id">
                <results>
                  <test-case description="Should not throw exception" name="New-CosmosDbDocument.When called with context parameter and an Id.Should not throw exception" time="0.0623" asserts="0" success="True" result="Success" executed="True" />
                  <test-case description="Should return expected result" name="New-CosmosDbDocument.When called with context parameter and an Id.Should return expected result" time="0.0178" asserts="0" success="True" result="Success" executed="True" />
                  <test-case description="Should call expected mocks" name="New-CosmosDbDocument.When called with context parameter and an Id.Should call expected mocks" time="0.0208" asserts="0" success="True" result="Success" executed="True" />
                </results>
              </test-suite>
              <test-suite type="TestFixture" name="When called with context parameter and an Id and Partition Key" executed="True" result="Success" success="True" time="0.1228" asserts="0" description="When called with context parameter and an Id and Partition Key">
                <results>
                  <test-case description="Should not throw exception" name="New-CosmosDbDocument.When called with context parameter and an Id and Partition Key.Should not throw exception" time="0.0802" asserts="0" success="True" result="Success" executed="True" />
                  <test-case description="Should return expected result" name="New-CosmosDbDocument.When called with context parameter and an Id and Partition Key.Should return expected result" time="0.0187" asserts="0" success="True" result="Success" executed="True" />
                  <test-case description="Should call expected mocks" name="New-CosmosDbDocument.When called with context parameter and an Id and Partition Key.Should call expected mocks" time="0.0239" asserts="0" success="True" result="Success" executed="True" />
                </results>
              </test-suite>
              <test-case description="Should exist" name="New-CosmosDbDocument.Should exist" time="0.0671" asserts="0" success="True" result="Success" executed="True" />
            </results>
          </test-suite>
          <test-suite type="TestFixture" name="Remove-CosmosDbDocument" executed="True" result="Success" success="True" time="0.2376" asserts="0" description="Remove-CosmosDbDocument">
            <results>
              <test-suite type="TestFixture" name="When called with context parameter and an Id" executed="True" result="Success" success="True" time="0.0772" asserts="0" description="When called with context parameter and an Id">
                <results>
                  <test-case description="Should not throw exception" name="Remove-CosmosDbDocument.When called with context parameter and an Id.Should not throw exception" time="0.0617" asserts="0" success="True" result="Success" executed="True" />
                  <test-case description="Should call expected mocks" name="Remove-CosmosDbDocument.When called with context parameter and an Id.Should call expected mocks" time="0.0155" asserts="0" success="True" result="Success" executed="True" />
                </results>
              </test-suite>
              <test-suite type="TestFixture" name="When called with context parameter and an Id and Partition Id" executed="True" result="Success" success="True" time="0.0927" asserts="0" description="When called with context parameter and an Id and Partition Id">
                <results>
                  <test-case description="Should not throw exception" name="Remove-CosmosDbDocument.When called with context parameter and an Id and Partition Id.Should not throw exception" time="0.0752" asserts="0" success="True" result="Success" executed="True" />
                  <test-case description="Should call expected mocks" name="Remove-CosmosDbDocument.When called with context parameter and an Id and Partition Id.Should call expected mocks" time="0.0175" asserts="0" success="True" result="Success" executed="True" />
                </results>
              </test-suite>
              <test-case description="Should exist" name="Remove-CosmosDbDocument.Should exist" time="0.0677" asserts="0" success="True" result="Success" executed="True" />
            </results>
          </test-suite>
          <test-suite type="TestFixture" name="Set-CosmosDbDocument" executed="True" result="Success" success="True" time="0.2881" asserts="0" description="Set-CosmosDbDocument">
            <results>
              <test-suite type="TestFixture" name="When called with context parameter and an Id" executed="True" result="Success" success="True" time="0.1016" asserts="0" description="When called with context parameter and an Id">
                <results>
                  <test-case description="Should not throw exception" name="Set-CosmosDbDocument.When called with context parameter and an Id.Should not throw exception" time="0.0657" asserts="0" success="True" result="Success" executed="True" />
                  <test-case description="Should return expected result" name="Set-CosmosDbDocument.When called with context parameter and an Id.Should return expected result" time="0.016" asserts="0" success="True" result="Success" executed="True" />
                  <test-case description="Should call expected mocks" name="Set-CosmosDbDocument.When called with context parameter and an Id.Should call expected mocks" time="0.0199" asserts="0" success="True" result="Success" executed="True" />
                </results>
              </test-suite>
              <test-suite type="TestFixture" name="When called with context parameter and an Id and Partition Id" executed="True" result="Success" success="True" time="0.117" asserts="0" description="When called with context parameter and an Id and Partition Id">
                <results>
                  <test-case description="Should not throw exception" name="Set-CosmosDbDocument.When called with context parameter and an Id and Partition Id.Should not throw exception" time="0.08" asserts="0" success="True" result="Success" executed="True" />
                  <test-case description="Should return expected result" name="Set-CosmosDbDocument.When called with context parameter and an Id and Partition Id.Should return expected result" time="0.0174" asserts="0" success="True" result="Success" executed="True" />
                  <test-case description="Should call expected mocks" name="Set-CosmosDbDocument.When called with context parameter and an Id and Partition Id.Should call expected mocks" time="0.0196" asserts="0" success="True" result="Success" executed="True" />
                </results>
              </test-suite>
              <test-case description="Should exist" name="Set-CosmosDbDocument.Should exist" time="0.0695" asserts="0" success="True" result="Success" executed="True" />
            </results>
          </test-suite>
        </results>
      </test-suite>
      <test-suite type="TestFixture" name="C:\Users\si557856\source\github\CosmosDB\test\CosmosDB.offers.Tests.ps1" executed="True" result="Success" success="True" time="1.0483" asserts="0" description="C:\Users\si557856\source\github\CosmosDB\test\CosmosDB.offers.Tests.ps1">
        <results>
          <test-suite type="TestFixture" name="Get-CosmosDbOfferResourcePath" executed="True" result="Success" success="True" time="0.3422" asserts="0" description="Get-CosmosDbOfferResourcePath">
            <results>
              <test-suite type="TestFixture" name="When called with all parameters" executed="True" result="Success" success="True" time="0.0614" asserts="0" description="When called with all parameters">
                <results>
                  <test-case description="Should not throw exception" name="Get-CosmosDbOfferResourcePath.When called with all parameters.Should not throw exception" time="0.047" asserts="0" success="True" result="Success" executed="True" />
                  <test-case description="Should return expected result" name="Get-CosmosDbOfferResourcePath.When called with all parameters.Should return expected result" time="0.0144" asserts="0" success="True" result="Success" executed="True" />
                </results>
              </test-suite>
              <test-case description="Should exist" name="Get-CosmosDbOfferResourcePath.Should exist" time="0.2808" asserts="0" success="True" result="Success" executed="True" />
            </results>
          </test-suite>
          <test-suite type="TestFixture" name="Get-CosmosDbOffer" executed="True" result="Success" success="True" time="0.4062" asserts="0" description="Get-CosmosDbOffer">
            <results>
              <test-suite type="TestFixture" name="When called with context parameter and no Id" executed="True" result="Success" success="True" time="0.1193" asserts="0" description="When called with context parameter and no Id">
                <results>
                  <test-case description="Should not throw exception" name="Get-CosmosDbOffer.When called with context parameter and no Id.Should not throw exception" time="0.0771" asserts="0" success="True" result="Success" executed="True" />
                  <test-case description="Should return expected result" name="Get-CosmosDbOffer.When called with context parameter and no Id.Should return expected result" time="0.0237" asserts="0" success="True" result="Success" executed="True" />
                  <test-case description="Should call expected mocks" name="Get-CosmosDbOffer.When called with context parameter and no Id.Should call expected mocks" time="0.0186" asserts="0" success="True" result="Success" executed="True" />
                </results>
              </test-suite>
              <test-suite type="TestFixture" name="When called with context parameter and an Id" executed="True" result="Success" success="True" time="0.1041" asserts="0" description="When called with context parameter and an Id">
                <results>
                  <test-case description="Should not throw exception" name="Get-CosmosDbOffer.When called with context parameter and an Id.Should not throw exception" time="0.0762" asserts="0" success="True" result="Success" executed="True" />
                  <test-case description="Should return expected result" name="Get-CosmosDbOffer.When called with context parameter and an Id.Should return expected result" time="0.0132" asserts="0" success="True" result="Success" executed="True" />
                  <test-case description="Should call expected mocks" name="Get-CosmosDbOffer.When called with context parameter and an Id.Should call expected mocks" time="0.0147" asserts="0" success="True" result="Success" executed="True" />
                </results>
              </test-suite>
              <test-suite type="TestFixture" name="When called with context parameter and a Query" executed="True" result="Success" success="True" time="0.1171" asserts="0" description="When called with context parameter and a Query">
                <results>
                  <test-case description="Should not throw exception" name="Get-CosmosDbOffer.When called with context parameter and a Query.Should not throw exception" time="0.0774" asserts="0" success="True" result="Success" executed="True" />
                  <test-case description="Should return expected result" name="Get-CosmosDbOffer.When called with context parameter and a Query.Should return expected result" time="0.0209" asserts="0" success="True" result="Success" executed="True" />
                  <test-case description="Should call expected mocks" name="Get-CosmosDbOffer.When called with context parameter and a Query.Should call expected mocks" time="0.0188" asserts="0" success="True" result="Success" executed="True" />
                </results>
              </test-suite>
              <test-case description="Should exist" name="Get-CosmosDbOffer.Should exist" time="0.0657" asserts="0" success="True" result="Success" executed="True" />
            </results>
          </test-suite>
          <test-suite type="TestFixture" name="Set-CosmosDbOffer" executed="True" result="Success" success="True" time="0.2999" asserts="0" description="Set-CosmosDbOffer">
            <results>
              <test-suite type="TestFixture" name="When called with context parameter and a V2 InputObject" executed="True" result="Success" success="True" time="0.0963" asserts="0" description="When called with context parameter and a V2 InputObject">
                <results>
                  <test-case description="Should not throw exception" name="Set-CosmosDbOffer.When called with context parameter and a V2 InputObject.Should not throw exception" time="0.0702" asserts="0" success="True" result="Success" executed="True" />
                  <test-case description="Should return expected result" name="Set-CosmosDbOffer.When called with context parameter and a V2 InputObject.Should return expected result" time="0.0101" asserts="0" success="True" result="Success" executed="True" />
                  <test-case description="Should call expected mocks" name="Set-CosmosDbOffer.When called with context parameter and a V2 InputObject.Should call expected mocks" time="0.0161" asserts="0" success="True" result="Success" executed="True" />
                </results>
              </test-suite>
              <test-suite type="TestFixture" name="When called with context parameter and V2 InputObject with two objects" executed="True" result="Success" success="True" time="0.1333" asserts="0" description="When called with context parameter and V2 InputObject with two objects">
                <results>
                  <test-case description="Should not throw exception" name="Set-CosmosDbOffer.When called with context parameter and V2 InputObject with two objects.Should not throw exception" time="0.0931" asserts="0" success="True" result="Success" executed="True" />
                  <test-case description="Should return expected result" name="Set-CosmosDbOffer.When called with context parameter and V2 InputObject with two objects.Should return expected result" time="0.015" asserts="0" success="True" result="Success" executed="True" />
                  <test-case description="Should call expected mocks" name="Set-CosmosDbOffer.When called with context parameter and V2 InputObject with two objects.Should call expected mocks" time="0.0252" asserts="0" success="True" result="Success" executed="True" />
                </results>
              </test-suite>
              <test-case description="Should exist" name="Set-CosmosDbOffer.Should exist" time="0.0703" asserts="0" success="True" result="Success" executed="True" />
            </results>
          </test-suite>
        </results>
      </test-suite>
      <test-suite type="TestFixture" name="C:\Users\si557856\source\github\CosmosDB\test\CosmosDB.permissions.Tests.ps1" executed="True" result="Success" success="True" time="1.0612" asserts="0" description="C:\Users\si557856\source\github\CosmosDB\test\CosmosDB.permissions.Tests.ps1">
        <results>
          <test-suite type="TestFixture" name="Get-CosmosDbPermissionResourcePath" executed="True" result="Success" success="True" time="0.3421" asserts="0" description="Get-CosmosDbPermissionResourcePath">
            <results>
              <test-suite type="TestFixture" name="When called with all parameters" executed="True" result="Success" success="True" time="0.0692" asserts="0" description="When called with all parameters">
                <results>
                  <test-case description="Should not throw exception" name="Get-CosmosDbPermissionResourcePath.When called with all parameters.Should not throw exception" time="0.0519" asserts="0" success="True" result="Success" executed="True" />
                  <test-case description="Should return expected result" name="Get-CosmosDbPermissionResourcePath.When called with all parameters.Should return expected result" time="0.0174" asserts="0" success="True" result="Success" executed="True" />
                </results>
              </test-suite>
              <test-case description="Should exist" name="Get-CosmosDbPermissionResourcePath.Should exist" time="0.2729" asserts="0" success="True" result="Success" executed="True" />
            </results>
          </test-suite>
          <test-suite type="TestFixture" name="Get-CosmosDbPermission" executed="True" result="Success" success="True" time="0.404" asserts="0" description="Get-CosmosDbPermission">
            <results>
              <test-suite type="TestFixture" name="When called with context parameter and no id" executed="True" result="Success" success="True" time="0.122" asserts="0" description="When called with context parameter and no id">
                <results>
                  <test-case description="Should not throw exception" name="Get-CosmosDbPermission.When called with context parameter and no id.Should not throw exception" time="0.0807" asserts="0" success="True" result="Success" executed="True" />
                  <test-case description="Should return expected result" name="Get-CosmosDbPermission.When called with context parameter and no id.Should return expected result" time="0.0233" asserts="0" success="True" result="Success" executed="True" />
                  <test-case description="Should call expected mocks" name="Get-CosmosDbPermission.When called with context parameter and no id.Should call expected mocks" time="0.018" asserts="0" success="True" result="Success" executed="True" />
                </results>
              </test-suite>
              <test-suite type="TestFixture" name="When called with context parameter and an id" executed="True" result="Success" success="True" time="0.1069" asserts="0" description="When called with context parameter and an id">
                <results>
                  <test-case description="Should not throw exception" name="Get-CosmosDbPermission.When called with context parameter and an id.Should not throw exception" time="0.0761" asserts="0" success="True" result="Success" executed="True" />
                  <test-case description="Should return expected result" name="Get-CosmosDbPermission.When called with context parameter and an id.Should return expected result" time="0.0133" asserts="0" success="True" result="Success" executed="True" />
                  <test-case description="Should call expected mocks" name="Get-CosmosDbPermission.When called with context parameter and an id.Should call expected mocks" time="0.0175" asserts="0" success="True" result="Success" executed="True" />
                </results>
              </test-suite>
              <test-suite type="TestFixture" name="When called with context parameter and an id and token expiry" executed="True" result="Success" success="True" time="0.1118" asserts="0" description="When called with context parameter and an id and token expiry">
                <results>
                  <test-case description="Should not throw exception" name="Get-CosmosDbPermission.When called with context parameter and an id and token expiry.Should not throw exception" time="0.0753" asserts="0" success="True" result="Success" executed="True" />
                  <test-case description="Should return expected result" name="Get-CosmosDbPermission.When called with context parameter and an id and token expiry.Should return expected result" time="0.0168" asserts="0" success="True" result="Success" executed="True" />
                  <test-case description="Should call expected mocks" name="Get-CosmosDbPermission.When called with context parameter and an id and token expiry.Should call expected mocks" time="0.0197" asserts="0" success="True" result="Success" executed="True" />
                </results>
              </test-suite>
              <test-case description="Should exist" name="Get-CosmosDbPermission.Should exist" time="0.0633" asserts="0" success="True" result="Success" executed="True" />
            </results>
          </test-suite>
          <test-suite type="TestFixture" name="New-CosmosDbPermission" executed="True" result="Success" success="True" time="0.1646" asserts="0" description="New-CosmosDbPermission">
            <results>
              <test-suite type="TestFixture" name="When called with context parameter and an id" executed="True" result="Success" success="True" time="0.097" asserts="0" description="When called with context parameter and an id">
                <results>
                  <test-case description="Should not throw exception" name="New-CosmosDbPermission.When called with context parameter and an id.Should not throw exception" time="0.0634" asserts="0" success="True" result="Success" executed="True" />
                  <test-case description="Should return expected result" name="New-CosmosDbPermission.When called with context parameter and an id.Should return expected result" time="0.0131" asserts="0" success="True" result="Success" executed="True" />
                  <test-case description="Should call expected mocks" name="New-CosmosDbPermission.When called with context parameter and an id.Should call expected mocks" time="0.0205" asserts="0" success="True" result="Success" executed="True" />
                </results>
              </test-suite>
              <test-case description="Should exist" name="New-CosmosDbPermission.Should exist" time="0.0676" asserts="0" success="True" result="Success" executed="True" />
            </results>
          </test-suite>
          <test-suite type="TestFixture" name="Remove-CosmosDbPermission" executed="True" result="Success" success="True" time="0.1506" asserts="0" description="Remove-CosmosDbPermission">
            <results>
              <test-suite type="TestFixture" name="When called with context parameter and an id" executed="True" result="Success" success="True" time="0.0848" asserts="0" description="When called with context parameter and an id">
                <results>
                  <test-case description="Should not throw exception" name="Remove-CosmosDbPermission.When called with context parameter and an id.Should not throw exception" time="0.0682" asserts="0" success="True" result="Success" executed="True" />
                  <test-case description="Should call expected mocks" name="Remove-CosmosDbPermission.When called with context parameter and an id.Should call expected mocks" time="0.0166" asserts="0" success="True" result="Success" executed="True" />
                </results>
              </test-suite>
              <test-case description="Should exist" name="Remove-CosmosDbPermission.Should exist" time="0.0658" asserts="0" success="True" result="Success" executed="True" />
            </results>
          </test-suite>
        </results>
      </test-suite>
      <test-suite type="TestFixture" name="C:\Users\si557856\source\github\CosmosDB\test\CosmosDB.storedprocedures.Tests.ps1" executed="True" result="Success" success="True" time="1.252" asserts="0" description="C:\Users\si557856\source\github\CosmosDB\test\CosmosDB.storedprocedures.Tests.ps1">
        <results>
          <test-suite type="TestFixture" name="Get-CosmosDbStoredProcedureResourcePath" executed="True" result="Success" success="True" time="0.3452" asserts="0" description="Get-CosmosDbStoredProcedureResourcePath">
            <results>
              <test-suite type="TestFixture" name="When called with all parameters" executed="True" result="Success" success="True" time="0.0622" asserts="0" description="When called with all parameters">
                <results>
                  <test-case description="Should not throw exception" name="Get-CosmosDbStoredProcedureResourcePath.When called with all parameters.Should not throw exception" time="0.0479" asserts="0" success="True" result="Success" executed="True" />
                  <test-case description="Should return expected result" name="Get-CosmosDbStoredProcedureResourcePath.When called with all parameters.Should return expected result" time="0.0143" asserts="0" success="True" result="Success" executed="True" />
                </results>
              </test-suite>
              <test-case description="Should exist" name="Get-CosmosDbStoredProcedureResourcePath.Should exist" time="0.283" asserts="0" success="True" result="Success" executed="True" />
            </results>
          </test-suite>
          <test-suite type="TestFixture" name="Get-CosmosDbStoredProcedure" executed="True" result="Success" success="True" time="0.2938" asserts="0" description="Get-CosmosDbStoredProcedure">
            <results>
              <test-suite type="TestFixture" name="When called with context parameter and no id" executed="True" result="Success" success="True" time="0.1216" asserts="0" description="When called with context parameter and no id">
                <results>
                  <test-case description="Should not throw exception" name="Get-CosmosDbStoredProcedure.When called with context parameter and no id.Should not throw exception" time="0.0803" asserts="0" success="True" result="Success" executed="True" />
                  <test-case description="Should return expected result" name="Get-CosmosDbStoredProcedure.When called with context parameter and no id.Should return expected result" time="0.0223" asserts="0" success="True" result="Success" executed="True" />
                  <test-case description="Should call expected mocks" name="Get-CosmosDbStoredProcedure.When called with context parameter and no id.Should call expected mocks" time="0.019" asserts="0" success="True" result="Success" executed="True" />
                </results>
              </test-suite>
              <test-suite type="TestFixture" name="When called with context parameter and an id" executed="True" result="Success" success="True" time="0.1068" asserts="0" description="When called with context parameter and an id">
                <results>
                  <test-case description="Should not throw exception" name="Get-CosmosDbStoredProcedure.When called with context parameter and an id.Should not throw exception" time="0.0758" asserts="0" success="True" result="Success" executed="True" />
                  <test-case description="Should return expected result" name="Get-CosmosDbStoredProcedure.When called with context parameter and an id.Should return expected result" time="0.015" asserts="0" success="True" result="Success" executed="True" />
                  <test-case description="Should call expected mocks" name="Get-CosmosDbStoredProcedure.When called with context parameter and an id.Should call expected mocks" time="0.016" asserts="0" success="True" result="Success" executed="True" />
                </results>
              </test-suite>
              <test-case description="Should exist" name="Get-CosmosDbStoredProcedure.Should exist" time="0.0655" asserts="0" success="True" result="Success" executed="True" />
            </results>
          </test-suite>
          <test-suite type="TestFixture" name="Invoke-CosmosDbStoredProcedure" executed="True" result="Success" success="True" time="0.1619" asserts="0" description="Invoke-CosmosDbStoredProcedure">
            <results>
              <test-suite type="TestFixture" name="When called with context parameter and an id" executed="True" result="Success" success="True" time="0.0958" asserts="0" description="When called with context parameter and an id">
                <results>
                  <test-case description="Should not throw exception" name="Invoke-CosmosDbStoredProcedure.When called with context parameter and an id.Should not throw exception" time="0.0628" asserts="0" success="True" result="Success" executed="True" />
                  <test-case description="Should return expected result" name="Invoke-CosmosDbStoredProcedure.When called with context parameter and an id.Should return expected result" time="0.0166" asserts="0" success="True" result="Success" executed="True" />
                  <test-case description="Should call expected mocks" name="Invoke-CosmosDbStoredProcedure.When called with context parameter and an id.Should call expected mocks" time="0.0164" asserts="0" success="True" result="Success" executed="True" />
                </results>
              </test-suite>
              <test-case description="Should exist" name="Invoke-CosmosDbStoredProcedure.Should exist" time="0.0661" asserts="0" success="True" result="Success" executed="True" />
            </results>
          </test-suite>
          <test-suite type="TestFixture" name="New-CosmosDbStoredProcedure" executed="True" result="Success" success="True" time="0.1636" asserts="0" description="New-CosmosDbStoredProcedure">
            <results>
              <test-suite type="TestFixture" name="When called with context parameter and an id" executed="True" result="Success" success="True" time="0.0955" asserts="0" description="When called with context parameter and an id">
                <results>
                  <test-case description="Should not throw exception" name="New-CosmosDbStoredProcedure.When called with context parameter and an id.Should not throw exception" time="0.0604" asserts="0" success="True" result="Success" executed="True" />
                  <test-case description="Should return expected result" name="New-CosmosDbStoredProcedure.When called with context parameter and an id.Should return expected result" time="0.0147" asserts="0" success="True" result="Success" executed="True" />
                  <test-case description="Should call expected mocks" name="New-CosmosDbStoredProcedure.When called with context parameter and an id.Should call expected mocks" time="0.0204" asserts="0" success="True" result="Success" executed="True" />
                </results>
              </test-suite>
              <test-case description="Should exist" name="New-CosmosDbStoredProcedure.Should exist" time="0.0681" asserts="0" success="True" result="Success" executed="True" />
            </results>
          </test-suite>
          <test-suite type="TestFixture" name="Remove-CosmosDbStoredProcedure" executed="True" result="Success" success="True" time="0.134" asserts="0" description="Remove-CosmosDbStoredProcedure">
            <results>
              <test-suite type="TestFixture" name="When called with context parameter and an id" executed="True" result="Success" success="True" time="0.0735" asserts="0" description="When called with context parameter and an id">
                <results>
                  <test-case description="Should not throw exception" name="Remove-CosmosDbStoredProcedure.When called with context parameter and an id.Should not throw exception" time="0.0586" asserts="0" success="True" result="Success" executed="True" />
                  <test-case description="Should call expected mocks" name="Remove-CosmosDbStoredProcedure.When called with context parameter and an id.Should call expected mocks" time="0.0149" asserts="0" success="True" result="Success" executed="True" />
                </results>
              </test-suite>
              <test-case description="Should exist" name="Remove-CosmosDbStoredProcedure.Should exist" time="0.0605" asserts="0" success="True" result="Success" executed="True" />
            </results>
          </test-suite>
          <test-suite type="TestFixture" name="Set-CosmosDbStoredProcedure" executed="True" result="Success" success="True" time="0.1534" asserts="0" description="Set-CosmosDbStoredProcedure">
            <results>
              <test-suite type="TestFixture" name="When called with context parameter and an id" executed="True" result="Success" success="True" time="0.0894" asserts="0" description="When called with context parameter and an id">
                <results>
                  <test-case description="Should not throw exception" name="Set-CosmosDbStoredProcedure.When called with context parameter and an id.Should not throw exception" time="0.0587" asserts="0" success="True" result="Success" executed="True" />
                  <test-case description="Should return expected result" name="Set-CosmosDbStoredProcedure.When called with context parameter and an id.Should return expected result" time="0.0119" asserts="0" success="True" result="Success" executed="True" />
                  <test-case description="Should call expected mocks" name="Set-CosmosDbStoredProcedure.When called with context parameter and an id.Should call expected mocks" time="0.0188" asserts="0" success="True" result="Success" executed="True" />
                </results>
              </test-suite>
              <test-case description="Should exist" name="Set-CosmosDbStoredProcedure.Should exist" time="0.064" asserts="0" success="True" result="Success" executed="True" />
            </results>
          </test-suite>
        </results>
      </test-suite>
      <test-suite type="TestFixture" name="C:\Users\si557856\source\github\CosmosDB\test\CosmosDB.Tests.ps1" executed="True" result="Success" success="True" time="0.4214" asserts="0" description="C:\Users\si557856\source\github\CosmosDB\test\CosmosDB.Tests.ps1">
        <results>
          <test-suite type="TestFixture" name="Module Manifest Tests" executed="True" result="Success" success="True" time="0.1104" asserts="0" description="Module Manifest Tests">
            <results>
              <test-case description="Passes Test-ModuleManifest" name="Module Manifest Tests.Passes Test-ModuleManifest" time="0.1104" asserts="0" success="True" result="Success" executed="True" />
            </results>
          </test-suite>
          <test-suite type="TestFixture" name="PSScriptAnalyzer" executed="True" result="Success" success="True" time="0.311" asserts="0" description="PSScriptAnalyzer">
            <results>
              <test-suite type="TestFixture" name="CosmosDB Module code and CosmosDB Lib Functions" executed="True" result="Success" success="True" time="0.311" asserts="0" description="CosmosDB Module code and CosmosDB Lib Functions">
                <results>
                  <test-case description="Passes Invoke-ScriptAnalyzer" name="PSScriptAnalyzer.CosmosDB Module code and CosmosDB Lib Functions.Passes Invoke-ScriptAnalyzer" time="0.311" asserts="0" success="True" result="Success" executed="True" />
                </results>
              </test-suite>
            </results>
          </test-suite>
        </results>
      </test-suite>
      <test-suite type="TestFixture" name="C:\Users\si557856\source\github\CosmosDB\test\CosmosDB.triggers.Tests.ps1" executed="True" result="Success" success="True" time="1.1085" asserts="0" description="C:\Users\si557856\source\github\CosmosDB\test\CosmosDB.triggers.Tests.ps1">
        <results>
          <test-suite type="TestFixture" name="Get-CosmosDbTriggerResourcePath" executed="True" result="Success" success="True" time="0.3878" asserts="0" description="Get-CosmosDbTriggerResourcePath">
            <results>
              <test-suite type="TestFixture" name="When called with all parameters" executed="True" result="Success" success="True" time="0.0635" asserts="0" description="When called with all parameters">
                <results>
                  <test-case description="Should not throw exception" name="Get-CosmosDbTriggerResourcePath.When called with all parameters.Should not throw exception" time="0.0484" asserts="0" success="True" result="Success" executed="True" />
                  <test-case description="Should return expected result" name="Get-CosmosDbTriggerResourcePath.When called with all parameters.Should return expected result" time="0.0151" asserts="0" success="True" result="Success" executed="True" />
                </results>
              </test-suite>
              <test-case description="Should exist" name="Get-CosmosDbTriggerResourcePath.Should exist" time="0.3243" asserts="0" success="True" result="Success" executed="True" />
            </results>
          </test-suite>
          <test-suite type="TestFixture" name="Get-CosmosDbTrigger" executed="True" result="Success" success="True" time="0.2713" asserts="0" description="Get-CosmosDbTrigger">
            <results>
              <test-suite type="TestFixture" name="When called with context parameter and no id" executed="True" result="Success" success="True" time="0.1084" asserts="0" description="When called with context parameter and no id">
                <results>
                  <test-case description="Should not throw exception" name="Get-CosmosDbTrigger.When called with context parameter and no id.Should not throw exception" time="0.0752" asserts="0" success="True" result="Success" executed="True" />
                  <test-case description="Should return expected result" name="Get-CosmosDbTrigger.When called with context parameter and no id.Should return expected result" time="0.0146" asserts="0" success="True" result="Success" executed="True" />
                  <test-case description="Should call expected mocks" name="Get-CosmosDbTrigger.When called with context parameter and no id.Should call expected mocks" time="0.0186" asserts="0" success="True" result="Success" executed="True" />
                </results>
              </test-suite>
              <test-suite type="TestFixture" name="When called with context parameter and an id" executed="True" result="Success" success="True" time="0.1023" asserts="0" description="When called with context parameter and an id">
                <results>
                  <test-case description="Should not throw exception" name="Get-CosmosDbTrigger.When called with context parameter and an id.Should not throw exception" time="0.075" asserts="0" success="True" result="Success" executed="True" />
                  <test-case description="Should return expected result" name="Get-CosmosDbTrigger.When called with context parameter and an id.Should return expected result" time="0.0136" asserts="0" success="True" result="Success" executed="True" />
                  <test-case description="Should call expected mocks" name="Get-CosmosDbTrigger.When called with context parameter and an id.Should call expected mocks" time="0.0137" asserts="0" success="True" result="Success" executed="True" />
                </results>
              </test-suite>
              <test-case description="Should exist" name="Get-CosmosDbTrigger.Should exist" time="0.0606" asserts="0" success="True" result="Success" executed="True" />
            </results>
          </test-suite>
          <test-suite type="TestFixture" name="New-CosmosDbTrigger" executed="True" result="Success" success="True" time="0.1661" asserts="0" description="New-CosmosDbTrigger">
            <results>
              <test-suite type="TestFixture" name="When called with context parameter and an id" executed="True" result="Success" success="True" time="0.0943" asserts="0" description="When called with context parameter and an id">
                <results>
                  <test-case description="Should not throw exception" name="New-CosmosDbTrigger.When called with context parameter and an id.Should not throw exception" time="0.06" asserts="0" success="True" result="Success" executed="True" />
                  <test-case description="Should return expected result" name="New-CosmosDbTrigger.When called with context parameter and an id.Should return expected result" time="0.0136" asserts="0" success="True" result="Success" executed="True" />
                  <test-case description="Should call expected mocks" name="New-CosmosDbTrigger.When called with context parameter and an id.Should call expected mocks" time="0.0207" asserts="0" success="True" result="Success" executed="True" />
                </results>
              </test-suite>
              <test-case description="Should exist" name="New-CosmosDbTrigger.Should exist" time="0.0718" asserts="0" success="True" result="Success" executed="True" />
            </results>
          </test-suite>
          <test-suite type="TestFixture" name="Remove-CosmosDbTrigger" executed="True" result="Success" success="True" time="0.13" asserts="0" description="Remove-CosmosDbTrigger">
            <results>
              <test-suite type="TestFixture" name="When called with context parameter and an id" executed="True" result="Success" success="True" time="0.0667" asserts="0" description="When called with context parameter and an id">
                <results>
[...]
                </results>
              </test-suite>
              <test-case description="Should exist" name="New-CosmosDbUser.Should exist" time="0.0616" asserts="0" success="True" result="Success" executed="True" />
            </results>
          </test-suite>
          <test-suite type="TestFixture" name="Remove-CosmosDbUser" executed="True" result="Success" success="True" time="0.1282" asserts="0" description="Remove-CosmosDbUser">
            <results>
              <test-suite type="TestFixture" name="When called with context parameter and an id" executed="True" result="Success" success="True" time="0.0652" asserts="0" description="When called with context parameter and an id">
                <results>
                  <test-case description="Should not throw exception" name="Remove-CosmosDbUser.When called with context parameter and an id.Should not throw exception" time="0.0503" asserts="0" success="True" result="Success" executed="True" />
                  <test-case description="Should call expected mocks" name="Remove-CosmosDbUser.When called with context parameter and an id.Should call expected mocks" time="0.0149" asserts="0" success="True" result="Success" executed="True" />
                </results>
              </test-suite>
              <test-case description="Should exist" name="Remove-CosmosDbUser.Should exist" time="0.063" asserts="0" success="True" result="Success" executed="True" />
            </results>
          </test-suite>
          <test-suite type="TestFixture" name="Set-CosmosDbUser" executed="True" result="Success" success="True" time="0.1467" asserts="0" description="Set-CosmosDbUser">
            <results>
              <test-suite type="TestFixture" name="When called with context parameter and Id and NewId" executed="True" result="Success" success="True" time="0.085" asserts="0" description="When called with context parameter and Id and NewId">
                <results>
                  <test-case description="Should not throw exception" name="Set-CosmosDbUser.When called with context parameter and Id and NewId.Should not throw exception" time="0.0573" asserts="0" success="True" result="Success" executed="True" />
                  <test-case description="Should return expected result" name="Set-CosmosDbUser.When called with context parameter and Id and NewId.Should return expected result" time="0.0127" asserts="0" success="True" result="Success" executed="True" />
                  <test-case description="Should call expected mocks" name="Set-CosmosDbUser.When called with context parameter and Id and NewId.Should call expected mocks" time="0.0149" asserts="0" success="True" result="Success" executed="True" />
                </results>
              </test-suite>
              <test-case description="Should exist" name="Set-CosmosDbUser.Should exist" time="0.0617" asserts="0" success="True" result="Success" executed="True" />
            </results>
          </test-suite>
        </results>
      </test-suite>
      <test-suite type="TestFixture" name="C:\Users\si557856\source\github\CosmosDB\test\CosmosDB.utils.Tests.ps1" executed="True" result="Success" success="True" time="1.9831" asserts="0" description="C:\Users\si557856\source\github\CosmosDB\test\CosmosDB.utils.Tests.ps1">
        <results>
          <test-suite type="TestFixture" name="Custom types" executed="True" result="Success" success="True" time="0.5326" asserts="0" description="Custom types">
            <results>
              <test-suite type="TestFixture" name="CosmosDB.Context" executed="True" result="Success" success="True" time="0.3154" asserts="0" description="CosmosDB.Context">
                <results>
                  <test-case description="Should exist" name="Custom types.CosmosDB.Context.Should exist" time="0.3154" asserts="0" success="True" result="Success" executed="True" />
                </results>
              </test-suite>
              <test-suite type="TestFixture" name="CosmosDB.IndexingPolicy.Policy" executed="True" result="Success" success="True" time="0.0613" asserts="0" description="CosmosDB.IndexingPolicy.Policy">
                <results>
                  <test-case description="Should exist" name="Custom types.CosmosDB.IndexingPolicy.Policy.Should exist" time="0.0613" asserts="0" success="True" result="Success" executed="True" />
                </results>
              </test-suite>
              <test-suite type="TestFixture" name="CosmosDB.IndexingPolicy.Path.Index" executed="True" result="Success" success="True" time="0.0534" asserts="0" description="CosmosDB.IndexingPolicy.Path.Index">
                <results>
                  <test-case description="Should exist" name="Custom types.CosmosDB.IndexingPolicy.Path.Index.Should exist" time="0.0534" asserts="0" success="True" result="Success" executed="True" />
                </results>
              </test-suite>
              <test-suite type="TestFixture" name="CosmosDB.IndexingPolicy.Path.IncludedPath" executed="True" result="Success" success="True" time="0.0486" asserts="0" description="CosmosDB.IndexingPolicy.Path.IncludedPath">
                <results>
                  <test-case description="Should exist" name="Custom types.CosmosDB.IndexingPolicy.Path.IncludedPath.Should exist" time="0.0486" asserts="0" success="True" result="Success" executed="True" />
                </results>
              </test-suite>
              <test-suite type="TestFixture" name="CosmosDB.IndexingPolicy.Path.ExcludedPath" executed="True" result="Success" success="True" time="0.0539" asserts="0" description="CosmosDB.IndexingPolicy.Path.ExcludedPath">
                <results>
                  <test-case description="Should exist" name="Custom types.CosmosDB.IndexingPolicy.Path.ExcludedPath.Should exist" time="0.0539" asserts="0" success="True" result="Success" executed="True" />
                </results>
              </test-suite>
            </results>
          </test-suite>
          <test-suite type="TestFixture" name="New-CosmosDbContext" executed="True" result="Success" success="True" time="0.5132" asserts="0" description="New-CosmosDbContext">
            <results>
              <test-suite type="TestFixture" name="When called with Context parameters" executed="True" result="Success" success="True" time="0.0641" asserts="0" description="When called with Context parameters">
                <results>
                  <test-case description="Should not throw exception" name="New-CosmosDbContext.When called with Context parameters.Should not throw exception" time="0.0403" asserts="0" success="True" result="Success" executed="True" />
                  <test-case description="Should return expected result" name="New-CosmosDbContext.When called with Context parameters.Should return expected result" time="0.0237" asserts="0" success="True" result="Success" executed="True" />
                </results>
              </test-suite>
              <test-suite type="TestFixture" name="When called with Azure parameters and not connected to Azure" executed="True" result="Success" success="True" time="0.1802" asserts="0" description="When called with Azure parameters and not connected to Azure">
                <results>
                  <test-case description="Should not throw exception" name="New-CosmosDbContext.When called with Azure parameters and not connected to Azure.Should not throw exception" time="0.1336" asserts="0" success="True" result="Success" executed="True" />
                  <test-case description="Should return expected result" name="New-CosmosDbContext.When called with Azure parameters and not connected to Azure.Should return expected result" time="0.0208" asserts="0" success="True" result="Success" executed="True" />
                  <test-case description="Should call expected mocks" name="New-CosmosDbContext.When called with Azure parameters and not connected to Azure.Should call expected mocks" time="0.0258" asserts="0" success="True" result="Success" executed="True" />
                </results>
              </test-suite>
              <test-suite type="TestFixture" name="When called with Azure parameters and connected to Azure" executed="True" result="Success" success="True" time="0.1235" asserts="0" description="When called with Azure parameters and connected to Azure">
                <results>
                  <test-case description="Should not throw exception" name="New-CosmosDbContext.When called with Azure parameters and connected to Azure.Should not throw exception" time="0.0898" asserts="0" success="True" result="Success" executed="True" />
                  <test-case description="Should return expected result" name="New-CosmosDbContext.When called with Azure parameters and connected to Azure.Should return expected result" time="0.0148" asserts="0" success="True" result="Success" executed="True" />
                  <test-case description="Should call expected mocks" name="New-CosmosDbContext.When called with Azure parameters and connected to Azure.Should call expected mocks" time="0.0189" asserts="0" success="True" result="Success" executed="True" />
                </results>
              </test-suite>
              <test-suite type="TestFixture" name="When called with Emulator parameters" executed="True" result="Success" success="True" time="0.0835" asserts="0" description="When called with Emulator parameters">
                <results>
                  <test-case description="Should not throw exception" name="New-CosmosDbContext.When called with Emulator parameters.Should not throw exception" time="0.0592" asserts="0" success="True" result="Success" executed="True" />
                  <test-case description="Should return expected result" name="New-CosmosDbContext.When called with Emulator parameters.Should return expected result" time="0.0243" asserts="0" success="True" result="Success" executed="True" />
                </results>
              </test-suite>
              <test-case description="Should exist" name="New-CosmosDbContext.Should exist" time="0.0619" asserts="0" success="True" result="Success" executed="True" />
            </results>
          </test-suite>
          <test-suite type="TestFixture" name="Get-CosmosDbUri" executed="True" result="Success" success="True" time="0.1827" asserts="0" description="Get-CosmosDbUri">
            <results>
              <test-suite type="TestFixture" name="When called with Account parameter only" executed="True" result="Success" success="True" time="0.0559" asserts="0" description="When called with Account parameter only">
                <results>
                  <test-case description="Should not throw exception" name="Get-CosmosDbUri.When called with Account parameter only.Should not throw exception" time="0.0376" asserts="0" success="True" result="Success" executed="True" />
                  <test-case description="Should return expected result" name="Get-CosmosDbUri.When called with Account parameter only.Should return expected result" time="0.0183" asserts="0" success="True" result="Success" executed="True" />
                </results>
              </test-suite>
              <test-suite type="TestFixture" name="When called with Account and BaseUri parameters" executed="True" result="Success" success="True" time="0.0669" asserts="0" description="When called with Account and BaseUri parameters">
                <results>
                  <test-case description="Should not throw exception" name="Get-CosmosDbUri.When called with Account and BaseUri parameters.Should not throw exception" time="0.0517" asserts="0" success="True" result="Success" executed="True" />
                  <test-case description="Should return expected result" name="Get-CosmosDbUri.When called with Account and BaseUri parameters.Should return expected result" time="0.0152" asserts="0" success="True" result="Success" executed="True" />
                </results>
              </test-suite>
              <test-case description="Should exist" name="Get-CosmosDbUri.Should exist" time="0.0599" asserts="0" success="True" result="Success" executed="True" />
            </results>
          </test-suite>
          <test-suite type="TestFixture" name="ConvertTo-CosmosDbTokenDateString" executed="True" result="Success" success="True" time="0.113" asserts="0" description="ConvertTo-CosmosDbTokenDateString">
            <results>
              <test-suite type="TestFixture" name="When called with all parameters" executed="True" result="Success" success="True" time="0.0523" asserts="0" description="When called with all parameters">
                <results>
                  <test-case description="Should not throw exception" name="ConvertTo-CosmosDbTokenDateString.When called with all parameters.Should not throw exception" time="0.042" asserts="0" success="True" result="Success" executed="True" />
                  <test-case description="Should return expected result" name="ConvertTo-CosmosDbTokenDateString.When called with all parameters.Should return expected result" time="0.0103" asserts="0" success="True" result="Success" executed="True" />
                </results>
              </test-suite>
              <test-case description="Should exist" name="ConvertTo-CosmosDbTokenDateString.Should exist" time="0.0607" asserts="0" success="True" result="Success" executed="True" />
            </results>
          </test-suite>
          <test-suite type="TestFixture" name="New-CosmosDbAuthorizationToken" executed="True" result="Success" success="True" time="0.1177" asserts="0" description="New-CosmosDbAuthorizationToken">
            <results>
              <test-suite type="TestFixture" name="When called with all parameters" executed="True" result="Success" success="True" time="0.0547" asserts="0" description="When called with all parameters">
                <results>
                  <test-case description="Should not throw exception" name="New-CosmosDbAuthorizationToken.When called with all parameters.Should not throw exception" time="0.0439" asserts="0" success="True" result="Success" executed="True" />
                  <test-case description="Should return expected result when" name="New-CosmosDbAuthorizationToken.When called with all parameters.Should return expected result when" time="0.0108" asserts="0" success="True" result="Success" executed="True" />
                </results>
              </test-suite>
              <test-case description="Should exist" name="New-CosmosDbAuthorizationToken.Should exist" time="0.063" asserts="0" success="True" result="Success" executed="True" />
            </results>
          </test-suite>
          <test-suite type="TestFixture" name="Invoke-CosmosDbRequest" executed="True" result="Success" success="True" time="0.5239" asserts="0" description="Invoke-CosmosDbRequest">
            <results>
              <test-suite type="TestFixture" name="When called with context parameter and Get method and ResourceType is 'users'" executed="True" result="Success" success="True" time="0.103" asserts="0" description="When called with context parameter and Get method and ResourceType is 'users'">
                <results>
                  <test-case description="Should not throw exception" name="Invoke-CosmosDbRequest.When called with context parameter and Get method and ResourceType is 'users'.Should not throw exception" time="0.0672" asserts="0" success="True" result="Success" executed="True" />
                  <test-case description="Should return expected result" name="Invoke-CosmosDbRequest.When called with context parameter and Get method and ResourceType is 'users'.Should return expected result" time="0.016" asserts="0" success="True" result="Success" executed="True" />
                  <test-case description="Should call expected mocks" name="Invoke-CosmosDbRequest.When called with context parameter and Get method and ResourceType is 'users'.Should call expected mocks" time="0.0199" asserts="0" success="True" result="Success" executed="True" />
                </results>
              </test-suite>
              <test-suite type="TestFixture" name="When called with context parameter and Get method and ResourceType is 'dbs'" executed="True" result="Success" success="True" time="0.1198" asserts="0" description="When called with context parameter and Get method and ResourceType is 'dbs'">
                <results>
                  <test-case description="Should not throw exception" name="Invoke-CosmosDbRequest.When called with context parameter and Get method and ResourceType is 'dbs'.Should not throw exception" time="0.0804" asserts="0" success="True" result="Success" executed="True" />
                  <test-case description="Should return expected result" name="Invoke-CosmosDbRequest.When called with context parameter and Get method and ResourceType is 'dbs'.Should return expected result" time="0.0141" asserts="0" success="True" result="Success" executed="True" />
                  <test-case description="Should call expected mocks" name="Invoke-CosmosDbRequest.When called with context parameter and Get method and ResourceType is 'dbs'.Should call expected mocks" time="0.0253" asserts="0" success="True" result="Success" executed="True" />
                </results>
              </test-suite>
              <test-suite type="TestFixture" name="When called with context parameter and Get method and ResourceType is 'offers'" executed="True" result="Success" success="True" time="0.1136" asserts="0" description="When called with context parameter and Get method and ResourceType is 'offers'">
                <results>
                  <test-case description="Should not throw exception" name="Invoke-CosmosDbRequest.When called with context parameter and Get method and ResourceType is 'offers'.Should not throw exception" time="0.0796" asserts="0" success="True" result="Success" executed="True" />
                  <test-case description="Should return expected result" name="Invoke-CosmosDbRequest.When called with context parameter and Get method and ResourceType is 'offers'.Should return expected result" time="0.0104" asserts="0" success="True" result="Success" executed="True" />
                  <test-case description="Should call expected mocks" name="Invoke-CosmosDbRequest.When called with context parameter and Get method and ResourceType is 'offers'.Should call expected mocks" time="0.0237" asserts="0" success="True" result="Success" executed="True" />
                </results>
              </test-suite>
              <test-suite type="TestFixture" name="When called with context parameter and Post method" executed="True" result="Success" success="True" time="0.1113" asserts="0" description="When called with context parameter and Post method">
                <results>
                  <test-case description="Should not throw exception" name="Invoke-CosmosDbRequest.When called with context parameter and Post method.Should not throw exception" time="0.0799" asserts="0" success="True" result="Success" executed="True" />
                  <test-case description="Should return expected result" name="Invoke-CosmosDbRequest.When called with context parameter and Post method.Should return expected result" time="0.0119" asserts="0" success="True" result="Success" executed="True" />
                  <test-case description="Should call expected mocks" name="Invoke-CosmosDbRequest.When called with context parameter and Post method.Should call expected mocks" time="0.0195" asserts="0" success="True" result="Success" executed="True" />
                </results>
              </test-suite>
              <test-case description="Should exist" name="Invoke-CosmosDbRequest.Should exist" time="0.0762" asserts="0" success="True" result="Success" executed="True" />
            </results>
          </test-suite>
        </results>
      </test-suite>
    </results>
  </test-suite>
</test-results>