<?xml version="1.0" encoding="utf-8" standalone="no"?>
<test-results xmlns:xsi="http://www.w3.org/2001/XMLSchema-instance" xsi:noNamespaceSchemaLocation="nunit_schema_2.5.xsd" name="Pester" total="3" errors="0" failures="0" not-run="0" inconclusive="0" ignored="0" skipped="0" invalid="0" date="2017-10-29" time="09:59:10">
  <environment user="Dan" machine-name="PLAGUE02" cwd="C:\Users\Dan\Source\GitHub\CosmosDB\test" user-domain="PLAGUE02" platform="Microsoft Windows 10 Enterprise|C:\WINDOWS|\Device\Harddisk1\Partition4" nunit-version="2.5.8.0" os-version="10.0.15063" clr-version="4.0.30319.42000" />
  <culture-info current-culture="en-NZ" current-uiculture="en-US" />
  <test-suite type="TestFixture" name="Pester" executed="True" result="Success" success="True" time="0.7661" asserts="0" description="Pester">
    <results>
      <test-suite type="TestFixture" name="C:\Users\Dan\Source\GitHub\CosmosDB\test\CosmosDB.Tests.ps1" executed="True" result="Success" success="True" time="0.7661" asserts="0" description="C:\Users\Dan\Source\GitHub\CosmosDB\test\CosmosDB.Tests.ps1">
        <results>
          <test-suite type="TestFixture" name="Module Manifest Tests" executed="True" result="Success" success="True" time="0.5469" asserts="0" description="Module Manifest Tests">
            <results>
              <test-case description="Passes Test-ModuleManifest" name="Module Manifest Tests.Passes Test-ModuleManifest" time="0.5469" asserts="0" success="True" result="Success" executed="True" />
            </results>
          </test-suite>
          <test-suite type="TestFixture" name="New-CosmosDbAuthorizationToken" executed="True" result="Success" success="True" time="0.2191" asserts="0" description="New-CosmosDbAuthorizationToken">
            <results>
              <test-case description="Should exist" name="New-CosmosDbAuthorizationToken.Should exist" time="0.1653" asserts="0" success="True" result="Success" executed="True" />
              <test-case description="Should return expected result when called with all parameters" name="New-CosmosDbAuthorizationToken.Should return expected result when called with all parameters" time="0.0538" asserts="0" success="True" result="Success" executed="True" />
            </results>
          </test-suite>
        </results>
      </test-suite>
    </results>
  </test-suite>
</test-results>